-1489	1
-1463	1
-1456	1
-1399	1
-1379	1
-1328	1
-1317	1
-1299	1
-1104	1
-1085	1
-1064	1
-1061	1
-1059	1
-1024	1
-1018	1
-1012	1
-991	1
-985	2
-965	1
-963	1
-960	1
-929	1
-921	1
-895	1
-857	1
-854	1
-791	1
-786	1
-785	1
-779	1
-773	2
-752	1
-750	1
-745	2
-743	1
-741	1
-732	1
-728	1
-727	2
-714	1
-708	1
-704	1
-698	4
-693	2
-691	1
-689	1
-688	1
-677	1
-668	1
-663	2
-657	2
-655	1
-653	1
-652	1
-645	2
-644	1
-643	1
-642	1
-639	2
-636	1
-634	1
-631	1
-629	1
-626	1
-619	2
-614	1
-610	2
-608	1
-607	2
-606	2
-605	1
-604	1
-603	1
-602	1
-601	2
-600	1
-598	1
-593	2
-592	1
-589	2
-586	1
-580	1
-578	2
-577	1
-573	2
-572	1
-571	1
-570	1
-566	1
-565	1
-560	2
-559	2
-558	1
-557	2
-555	2
-554	3
-553	3
-552	1
-550	1
-548	1
-546	3
-544	2
-543	2
-542	2
-541	1
-540	2
-536	1
-535	1
-534	3
-533	2
-532	3
-531	1
-529	1
-527	1
-525	1
-524	2
-523	1
-522	1
-520	1
-519	1
-518	1
-517	1
-516	4
-513	3
-512	1
-511	2
-510	4
-509	1
-507	4
-506	1
-505	2
-504	2
-503	2
-502	1
-501	4
-499	2
-498	1
-497	3
-495	2
-494	1
-493	1
-492	2
-491	3
-489	1
-487	2
-486	2
-485	1
-484	2
-483	1
-482	1
-481	2
-480	5
-479	3
-478	1
-477	5
-475	5
-474	1
-473	1
-472	1
-471	3
-470	2
-467	2
-466	2
-465	1
-464	2
-463	1
-462	1
-461	2
-460	5
-459	5
-458	2
-456	3
-455	1
-454	2
-453	1
-452	2
-451	2
-450	1
-449	1
-448	4
-447	2
-446	4
-445	5
-444	5
-443	2
-442	4
-441	1
-440	3
-439	2
-438	2
-437	2
-436	2
-434	3
-433	3
-432	4
-431	1
-430	4
-429	5
-428	4
-427	4
-426	2
-425	4
-424	4
-423	3
-422	7
-421	3
-420	1
-419	3
-418	1
-417	2
-416	4
-415	4
-414	6
-413	8
-412	3
-411	4
-410	4
-409	4
-408	10
-407	5
-406	2
-405	8
-404	8
-403	7
-402	3
-401	6
-400	6
-399	7
-398	9
-397	10
-396	4
-395	5
-394	4
-393	7
-392	3
-391	5
-390	3
-389	3
-388	3
-387	5
-386	6
-385	7
-384	5
-383	3
-382	1
-381	9
-380	7
-379	5
-378	7
-377	2
-376	8
-375	9
-374	5
-373	4
-372	9
-371	11
-370	6
-369	7
-368	7
-367	7
-366	8
-365	8
-364	10
-363	6
-362	9
-361	10
-360	12
-359	11
-358	11
-357	11
-356	19
-355	14
-354	17
-353	10
-352	12
-351	12
-350	14
-349	10
-348	10
-347	10
-346	9
-345	17
-344	7
-343	16
-342	26
-341	20
-340	13
-339	20
-338	15
-337	14
-336	12
-335	24
-334	17
-333	19
-332	21
-331	11
-330	22
-329	21
-328	26
-327	16
-326	26
-325	17
-324	17
-323	18
-322	17
-321	24
-320	18
-319	23
-318	26
-317	19
-316	24
-315	19
-314	25
-313	24
-312	23
-311	17
-310	28
-309	27
-308	33
-307	23
-306	22
-305	26
-304	21
-303	22
-302	34
-301	33
-300	29
-299	26
-298	33
-297	26
-296	31
-295	39
-294	24
-293	42
-292	31
-291	46
-290	33
-289	45
-288	43
-287	36
-286	38
-285	42
-284	44
-283	38
-282	51
-281	48
-280	50
-279	50
-278	51
-277	34
-276	48
-275	46
-274	42
-273	45
-272	56
-271	61
-270	50
-269	55
-268	82
-267	56
-266	61
-265	62
-264	81
-263	66
-262	56
-261	57
-260	61
-259	82
-258	73
-257	72
-256	64
-255	90
-254	73
-253	74
-252	86
-251	87
-250	92
-249	97
-248	86
-247	93
-246	90
-245	89
-244	82
-243	101
-242	96
-241	93
-240	112
-239	103
-238	93
-237	116
-236	108
-235	95
-234	128
-233	119
-232	123
-231	143
-230	121
-229	117
-228	100
-227	147
-226	119
-225	132
-224	159
-223	134
-222	177
-221	145
-220	131
-219	137
-218	138
-217	150
-216	146
-215	139
-214	148
-213	165
-212	183
-211	172
-210	217
-209	212
-208	213
-207	195
-206	216
-205	184
-204	199
-203	215
-202	201
-201	241
-200	220
-199	215
-198	245
-197	230
-196	256
-195	265
-194	234
-193	250
-192	262
-191	265
-190	296
-189	257
-188	265
-187	289
-186	283
-185	296
-184	287
-183	299
-182	321
-181	303
-180	298
-179	300
-178	321
-177	343
-176	349
-175	324
-174	346
-173	352
-172	359
-171	384
-170	361
-169	388
-168	377
-167	444
-166	415
-165	446
-164	469
-163	408
-162	449
-161	448
-160	486
-159	469
-158	515
-157	500
-156	495
-155	529
-154	535
-153	525
-152	567
-151	570
-150	570
-149	577
-148	629
-147	654
-146	632
-145	640
-144	676
-143	680
-142	735
-141	762
-140	762
-139	784
-138	809
-137	834
-136	826
-135	805
-134	867
-133	837
-132	933
-131	933
-130	934
-129	941
-128	966
-127	1013
-126	1034
-125	1092
-124	1100
-123	1189
-122	1209
-121	1181
-120	1205
-119	1273
-118	1269
-117	1357
-116	1469
-115	1384
-114	1450
-113	1424
-112	1547
-111	1567
-110	1627
-109	1621
-108	1736
-107	1821
-106	1777
-105	1843
-104	1960
-103	1986
-102	2032
-101	2023
-100	2169
-99	2204
-98	2278
-97	2340
-96	2400
-95	2418
-94	2594
-93	2664
-92	2775
-91	2840
-90	2846
-89	2984
-88	2973
-87	3174
-86	3279
-85	3440
-84	3504
-83	3699
-82	3810
-81	3888
-80	4134
-79	4213
-78	4355
-77	4518
-76	4598
-75	4906
-74	5009
-73	5211
-72	5497
-71	5690
-70	5941
-69	5942
-68	6210
-67	6490
-66	6850
-65	7060
-64	7281
-63	7712
-62	7887
-61	8295
-60	8414
-59	8937
-58	9424
-57	9823
-56	10262
-55	10883
-54	11164
-53	11749
-52	12353
-51	13089
-50	13624
-49	14056
-48	14789
-47	15439
-46	16652
-45	17375
-44	18189
-43	19413
-42	20486
-41	21267
-40	22499
-39	23677
-38	25493
-37	26998
-36	28451
-35	30380
-34	32600
-33	34544
-32	36580
-31	38941
-30	41592
-29	44882
-28	48004
-27	52258
-26	55544
-25	60705
-24	65725
-23	71534
-22	77475
-21	85024
-20	93013
-19	101954
-18	112304
-17	124678
-16	138622
-15	155218
-14	174723
-13	199158
-12	226841
-11	261210
-10	305979
-9	362562
-8	437135
-7	538313
-6	679917
-5	893746
-4	1235042
-3	1850519
-2	3186761
-1	7897817
0	158435
1	123403
2	84063
3	64542
4	52878
5	44456
6	38667
7	34262
8	31417
9	28538
10	26483
11	24777
12	23209
13	21992
14	21144
15	20314
16	19270
17	18518
18	17935
19	17443
20	16963
21	16642
22	16102
23	15453
24	15083
25	14767
26	14291
27	14103
28	13864
29	13747
30	13245
31	13161
32	12920
33	12703
34	12235
35	12164
36	11909
37	11789
38	11546
39	11449
40	11185
41	11089
42	10801
43	10654
44	10660
45	10488
46	9995
47	10059
48	9885
49	9759
50	9624
51	9414
52	9363
53	9151
54	8991
55	8974
56	8801
57	8777
58	8608
59	8337
60	8263
61	8053
62	8047
63	7978
64	7740
65	7776
66	7663
67	7637
68	7640
69	7199
70	7128
71	7155
72	7227
73	6927
74	6784
75	6837
76	6517
77	6565
78	6359
79	6312
80	6446
81	6119
82	6022
83	6029
84	5864
85	5790
86	5789
87	5650
88	5554
89	5601
90	5392
91	5417
92	5374
93	5271
94	5076
95	5062
96	5152
97	4899
98	4808
99	4805
100	4757
101	4806
102	4586
103	4586
104	4445
105	4405
106	4406
107	4255
108	4302
109	4208
110	4134
111	4162
112	4004
113	4040
114	3971
115	3932
116	3870
117	3866
118	3693
119	3676
120	3583
121	3682
122	3595
123	3568
124	3341
125	3467
126	3437
127	3339
128	3216
129	3202
130	3304
131	3214
132	3147
133	3156
134	3073
135	3041
136	3028
137	2942
138	2917
139	2952
140	2874
141	2796
142	2854
143	2735
144	2747
145	2665
146	2607
147	2663
148	2613
149	2541
150	2524
151	2514
152	2433
153	2330
154	2404
155	2377
156	2295
157	2354
158	2230
159	2190
160	2245
161	2244
162	2178
163	2204
164	2191
165	2035
166	2092
167	2108
168	2061
169	2057
170	1997
171	1960
172	1927
173	1984
174	1953
175	1927
176	1879
177	1783
178	1802
179	1767
180	1757
181	1727
182	1699
183	1633
184	1725
185	1732
186	1597
187	1695
188	1607
189	1599
190	1579
191	1620
192	1555
193	1523
194	1539
195	1443
196	1466
197	1441
198	1499
199	1337
200	1404
201	1413
202	1459
203	1346
204	1389
205	1349
206	1342
207	1267
208	1311
209	1291
210	1303
211	1310
212	1214
213	1201
214	1211
215	1279
216	1202
217	1176
218	1191
219	1183
220	1202
221	1138
222	1074
223	1151
224	1154
225	1051
226	1070
227	1039
228	1101
229	1027
230	1054
231	1092
232	1050
233	968
234	956
235	986
236	964
237	978
238	944
239	969
240	904
241	894
242	872
243	883
244	879
245	907
246	851
247	894
248	855
249	840
250	858
251	829
252	865
253	818
254	757
255	833
256	797
257	839
258	778
259	784
260	730
261	772
262	742
263	774
264	748
265	723
266	744
267	694
268	702
269	709
270	679
271	669
272	662
273	646
274	717
275	680
276	670
277	727
278	691
279	672
280	598
281	627
282	640
283	662
284	625
285	622
286	611
287	605
288	623
289	612
290	551
291	577
292	620
293	586
294	529
295	603
296	560
297	560
298	533
299	545
300	533
301	501
302	501
303	472
304	498
305	486
306	516
307	513
308	509
309	485
310	492
311	450
312	495
313	487
314	465
315	460
316	446
317	482
318	452
319	455
320	408
321	432
322	411
323	448
324	384
325	414
326	457
327	414
328	414
329	415
330	406
331	424
332	393
333	386
334	375
335	372
336	401
337	372
338	356
339	381
340	369
341	372
342	363
343	346
344	357
345	345
346	370
347	352
348	346
349	333
350	353
351	346
352	324
353	341
354	326
355	351
356	297
357	307
358	328
359	304
360	305
361	321
362	305
363	300
364	295
365	318
366	291
367	275
368	289
369	290
370	288
371	271
372	295
373	267
374	278
375	268
376	236
377	257
378	270
379	231
380	266
381	278
382	254
383	249
384	258
385	266
386	250
387	231
388	257
389	239
390	283
391	237
392	238
393	222
394	232
395	212
396	246
397	233
398	230
399	233
400	256
401	240
402	217
403	249
404	200
405	236
406	223
407	199
408	205
409	213
410	221
411	197
412	236
413	213
414	216
415	216
416	193
417	201
418	184
419	197
420	183
421	196
422	210
423	210
424	198
425	187
426	210
427	188
428	179
429	164
430	147
431	177
432	183
433	180
434	191
435	165
436	192
437	193
438	148
439	191
440	167
441	156
442	168
443	164
444	158
445	169
446	168
447	159
448	168
449	143
450	152
451	131
452	141
453	153
454	125
455	159
456	132
457	146
458	139
459	160
460	143
461	140
462	136
463	123
464	134
465	136
466	140
467	145
468	134
469	120
470	119
471	129
472	111
473	124
474	123
475	125
476	115
477	104
478	125
479	124
480	114
481	118
482	121
483	138
484	92
485	101
486	103
487	89
488	110
489	129
490	103
491	99
492	106
493	121
494	104
495	75
496	97
497	100
498	104
499	101
500	97
501	86
502	89
503	99
504	84
505	103
506	76
507	86
508	98
509	87
510	100
511	111
512	95
513	92
514	90
515	95
516	93
517	92
518	97
519	82
520	87
521	82
522	91
523	74
524	83
525	93
526	70
527	93
528	69
529	81
530	88
531	70
532	88
533	73
534	74
535	78
536	67
537	78
538	78
539	62
540	89
541	82
542	67
543	70
544	87
545	67
546	65
547	81
548	53
549	73
550	68
551	85
552	73
553	67
554	67
555	69
556	78
557	75
558	62
559	63
560	62
561	58
562	71
563	62
564	52
565	76
566	70
567	67
568	61
569	62
570	59
571	53
572	42
573	54
574	70
575	42
576	45
577	63
578	47
579	64
580	59
581	56
582	59
583	53
584	53
585	50
586	61
587	46
588	60
589	53
590	53
591	46
592	50
593	47
594	56
595	48
596	43
597	49
598	67
599	36
600	47
601	70
602	45
603	57
604	57
605	45
606	52
607	52
608	44
609	46
610	35
611	51
612	43
613	48
614	60
615	43
616	49
617	44
618	32
619	39
620	54
621	26
622	45
623	43
624	36
625	35
626	40
627	44
628	37
629	40
630	43
631	28
632	36
633	35
634	40
635	43
636	37
637	42
638	31
639	28
640	35
641	36
642	28
643	44
644	31
645	35
646	37
647	39
648	39
649	39
650	38
651	26
652	39
653	26
654	30
655	25
656	37
657	32
658	28
659	31
660	36
661	30
662	38
663	30
664	31
665	35
666	40
667	35
668	34
669	45
670	27
671	33
672	37
673	22
674	30
675	34
676	31
677	24
678	35
679	38
680	24
681	30
682	31
683	26
684	29
685	31
686	29
687	25
688	27
689	23
690	25
691	27
692	34
693	26
694	25
695	25
696	30
697	25
698	35
699	25
700	19
701	25
702	24
703	24
704	29
705	29
706	24
707	22
708	19
709	20
710	29
711	19
712	27
713	23
714	22
715	25
716	33
717	28
718	29
719	38
720	21
721	29
722	19
723	29
724	15
725	28
726	23
727	20
728	19
729	26
730	26
731	29
732	21
733	21
734	30
735	21
736	19
737	14
738	21
739	19
740	22
741	23
742	17
743	26
744	19
745	18
746	27
747	13
748	15
749	20
750	19
751	17
752	32
753	22
754	12
755	27
756	27
757	20
758	23
759	14
760	15
761	21
762	24
763	20
764	18
765	18
766	19
767	21
768	17
769	22
770	23
771	19
772	17
773	26
774	21
775	20
776	27
777	14
778	16
779	21
780	20
781	19
782	14
783	22
784	30
785	18
786	16
787	15
788	12
789	18
790	18
791	23
792	23
793	26
794	21
795	21
796	26
797	19
798	19
799	18
800	20
801	20
802	17
803	11
804	26
805	16
806	16
807	11
808	11
809	21
810	13
811	10
812	15
813	20
814	20
815	13
816	17
817	17
818	13
819	16
820	7
821	12
822	17
823	15
824	21
825	16
826	13
827	9
828	9
829	15
830	8
831	20
832	18
833	11
834	14
835	19
836	12
837	16
838	15
839	12
840	13
841	10
842	9
843	12
844	10
845	11
846	13
847	12
848	16
849	14
850	8
851	10
852	9
853	17
854	20
855	22
856	14
857	17
858	11
859	12
860	13
861	14
862	12
863	14
864	7
865	12
866	9
867	14
868	9
869	9
870	13
871	6
872	17
873	14
874	12
875	15
876	21
877	9
878	13
879	10
880	11
881	7
882	16
883	14
884	10
885	6
886	9
887	10
888	8
889	17
890	10
891	13
892	7
893	12
894	16
895	9
896	12
897	7
898	8
899	17
900	8
901	11
902	15
903	11
904	8
905	10
906	9
907	8
908	11
909	15
910	10
911	9
912	16
913	5
914	12
915	7
916	11
917	5
918	9
919	13
920	9
921	10
922	11
923	8
924	8
925	4
926	11
927	15
928	7
929	7
930	13
931	17
932	7
933	10
934	11
935	5
936	10
937	7
938	4
939	10
940	6
941	6
942	10
943	8
944	9
945	12
946	14
947	11
948	9
949	10
950	5
951	10
952	5
953	9
954	8
955	11
956	13
957	9
958	6
959	11
960	12
961	9
962	15
963	7
964	9
965	9
966	8
967	11
968	8
969	7
970	7
971	11
972	14
973	6
974	13
975	9
976	7
977	13
978	11
979	9
980	8
981	7
982	9
983	6
984	15
985	15
986	6
987	12
988	9
989	11
990	4
991	11
992	3
993	6
994	9
995	12
996	11
997	5
998	8
999	13
1000	9
1001	7
1002	10
1003	8
1004	9
1005	9
1006	9
1007	5
1008	4
1009	10
1010	9
1011	9
1012	7
1013	8
1014	9
1015	3
1016	3
1017	11
1018	9
1019	7
1020	5
1021	6
1022	7
1023	6
1024	8
1025	7
1026	3
1027	7
1028	5
1029	8
1030	8
1031	6
1032	1
1033	6
1034	7
1035	5
1036	5
1037	7
1038	6
1039	10
1040	6
1041	5
1042	5
1043	7
1044	7
1045	4
1046	4
1047	5
1048	4
1049	4
1050	7
1051	4
1052	7
1053	7
1054	3
1055	3
1056	4
1057	4
1058	5
1059	4
1060	4
1061	2
1062	7
1063	5
1064	2
1065	5
1066	1
1067	6
1068	12
1069	11
1070	3
1071	5
1072	8
1073	7
1074	4
1075	9
1076	6
1077	3
1078	5
1079	7
1080	8
1081	9
1082	5
1083	3
1084	6
1085	4
1086	5
1087	5
1088	6
1089	10
1090	7
1091	5
1092	5
1093	3
1094	4
1095	5
1096	4
1097	5
1098	7
1099	7
1100	5
1101	7
1102	7
1103	9
1104	6
1105	6
1106	3
1107	5
1108	4
1109	5
1110	6
1111	8
1112	5
1113	7
1114	5
1115	4
1116	8
1117	9
1118	5
1119	1
1120	2
1121	5
1122	6
1123	7
1124	6
1125	2
1126	4
1127	6
1128	8
1129	5
1130	5
1131	2
1132	3
1133	7
1134	10
1135	3
1136	4
1137	5
1138	2
1139	3
1140	6
1141	5
1142	8
1143	4
1144	4
1145	5
1146	6
1147	8
1148	6
1149	4
1150	3
1151	7
1152	5
1153	7
1154	5
1155	3
1156	2
1157	6
1158	2
1159	6
1160	2
1161	6
1162	2
1163	3
1164	4
1165	8
1166	5
1167	7
1168	4
1169	8
1170	6
1171	6
1172	3
1173	3
1174	8
1175	5
1176	4
1177	8
1178	3
1179	5
1180	2
1181	1
1182	3
1183	2
1184	3
1185	3
1186	10
1187	4
1188	5
1189	4
1190	6
1191	6
1192	4
1193	6
1194	2
1195	2
1196	7
1197	1
1198	5
1199	4
1200	4
1201	3
1202	4
1204	3
1205	5
1206	5
1207	9
1208	3
1209	6
1210	5
1211	8
1212	1
1213	4
1214	4
1215	3
1216	4
1217	5
1219	3
1220	6
1222	1
1223	4
1224	4
1225	3
1226	2
1227	3
1228	4
1229	4
1231	4
1232	7
1233	2
1235	3
1236	2
1237	3
1238	3
1239	6
1240	2
1241	3
1242	6
1243	6
1244	5
1245	3
1246	2
1247	3
1248	2
1249	2
1250	3
1251	3
1252	4
1253	2
1254	1
1255	7
1256	3
1257	2
1258	4
1259	2
1260	3
1261	2
1262	2
1263	2
1264	3
1265	6
1266	4
1267	4
1268	2
1269	1
1270	5
1271	5
1272	2
1273	2
1274	6
1275	7
1276	6
1277	4
1278	5
1279	5
1280	7
1281	4
1282	3
1283	3
1284	3
1285	3
1286	4
1287	7
1288	7
1289	1
1290	5
1291	7
1292	5
1293	2
1294	3
1295	3
1296	3
1297	2
1299	8
1300	1
1301	3
1302	4
1303	1
1304	4
1305	6
1306	2
1307	2
1308	2
1309	3
1310	5
1311	4
1312	3
1313	1
1314	5
1315	2
1316	1
1317	5
1318	6
1319	1
1320	5
1321	2
1322	4
1323	5
1324	4
1326	7
1327	2
1328	4
1329	3
1330	3
1331	4
1332	1
1333	3
1334	3
1335	1
1336	3
1337	4
1338	5
1339	4
1340	3
1341	1
1342	4
1343	2
1344	1
1345	4
1346	4
1347	7
1348	5
1349	2
1350	3
1351	2
1352	5
1353	2
1354	4
1355	6
1356	3
1357	4
1358	1
1359	2
1360	4
1361	3
1362	3
1364	2
1365	7
1366	2
1367	1
1368	6
1369	3
1370	6
1371	1
1372	1
1373	4
1374	5
1375	5
1376	4
1377	3
1378	4
1379	2
1381	2
1382	3
1383	2
1384	1
1385	6
1386	4
1388	1
1389	2
1390	5
1391	3
1392	3
1393	2
1394	6
1395	6
1396	5
1397	6
1398	8
1399	2
1400	6
1401	3
1402	3
1403	6
1404	1
1405	3
1406	1
1407	5
1408	3
1409	4
1410	1
1411	4
1412	1
1413	5
1414	2
1415	2
1416	8
1417	2
1418	4
1419	5
1420	3
1421	4
1423	4
1424	5
1425	6
1426	3
1427	5
1428	2
1429	4
1430	3
1431	4
1432	2
1433	2
1434	1
1435	1
1436	4
1437	4
1438	3
1440	3
1441	5
1442	1
1443	2
1444	2
1445	7
1446	2
1447	3
1448	5
1449	4
1450	2
1452	2
1453	3
1454	2
1455	1
1456	5
1458	3
1459	2
1460	3
1461	5
1462	2
1463	2
1464	1
1465	3
1466	3
1467	1
1468	3
1469	3
1470	7
1471	2
1472	2
1473	1
1474	2
1475	1
1476	2
1477	4
1478	7
1479	1
1480	3
1481	7
1482	3
1483	3
1484	3
1485	2
1486	1
1487	2
1488	2
1489	2
1490	1
1491	1
1492	3
1493	4
1494	2
1495	1
1496	3
1497	2
1498	5
1499	4
1500	1
1501	5
1502	2
1503	2
1504	2
1505	1
1506	5
1507	3
1508	3
1509	2
1510	2
1511	2
1512	3
1513	2
1514	5
1515	2
1516	1
1517	1
1518	1
1520	4
1521	3
1522	4
1523	1
1524	4
1525	3
1527	2
1529	3
1530	2
1531	3
1532	3
1535	1
1536	4
1537	2
1538	2
1539	2
1540	2
1541	2
1542	2
1544	3
1545	2
1546	5
1547	2
1548	1
1549	1
1550	3
1551	5
1552	1
1553	2
1554	3
1556	2
1557	2
1559	3
1560	4
1561	1
1562	2
1563	1
1564	1
1566	1
1567	1
1568	2
1569	2
1570	1
1571	1
1572	2
1573	1
1574	2
1575	3
1576	2
1577	2
1578	2
1579	4
1580	3
1581	1
1582	5
1583	2
1585	2
1586	1
1587	2
1588	2
1589	1
1590	2
1591	2
1592	1
1593	2
1594	1
1595	4
1597	4
1598	2
1599	5
1600	2
1601	4
1602	1
1604	1
1606	1
1607	2
1608	1
1609	3
1610	1
1611	1
1612	3
1613	3
1614	4
1615	1
1616	1
1617	2
1620	1
1622	2
1624	8
1625	1
1626	1
1627	5
1628	3
1629	1
1630	2
1631	2
1632	1
1634	2
1635	1
1636	2
1637	4
1640	1
1641	4
1642	1
1643	1
1644	1
1645	3
1647	2
1648	4
1649	2
1650	3
1651	1
1652	2
1654	3
1655	2
1656	2
1658	2
1660	1
1662	2
1663	1
1665	2
1666	1
1668	1
1672	1
1673	1
1674	1
1676	1
1677	1
1679	1
1680	1
1681	1
1682	1
1683	2
1685	2
1686	1
1687	1
1688	3
1690	3
1691	4
1694	1
1695	3
1696	2
1698	1
1699	1
1700	1
1701	1
1705	4
1707	1
1708	2
1709	3
1710	1
1712	1
1716	1
1717	2
1718	2
1719	3
1721	2
1723	2
1724	1
1725	4
1726	2
1727	3
1728	1
1729	2
1730	3
1731	1
1732	1
1734	1
1737	1
1741	5
1745	3
1748	1
1749	4
1751	1
1753	1
1754	1
1756	1
1757	2
1758	1
1759	1
1761	2
1762	2
1763	2
1767	1
1768	1
1770	1
1771	2
1774	2
1775	3
1776	2
1779	2
1780	3
1783	1
1784	1
1785	1
1786	1
1787	2
1788	1
1790	1
1794	1
1796	2
1797	2
1798	1
1800	1
1804	1
1805	1
1806	1
1810	1
1811	2
1812	1
1813	1
1816	2
1818	1
1819	1
1820	2
1822	1
1825	1
1826	2
1829	2
1830	1
1831	1
1833	2
1834	2
1837	3
1838	1
1839	1
1841	1
1843	1
1844	1
1845	1
1846	1
1848	1
1849	2
1850	1
1853	2
1854	2
1857	1
1858	1
1860	1
1862	2
1863	1
1864	1
1865	2
1866	1
1867	1
1868	3
1871	1
1872	2
1873	1
1878	2
1880	1
1886	1
1888	1
1890	1
1896	1
1899	2
1903	1
1904	1
1905	1
1908	1
1915	1
1917	1
1918	1
1920	1
1922	2
1933	1
1934	1
1938	1
1939	1
1940	1
1943	1
1944	1
1948	1
1952	1
1953	1
1954	1
1956	1
1957	1
1958	1
1964	1
1965	1
1966	1
1972	1
1975	1
1977	2
1979	1
1980	2
1981	1
1984	1
1986	1
1996	1
1997	1
2004	2
2009	1
2010	1
2011	2
2014	3
2016	2
2017	2
2028	1
2030	1
2034	2
2037	1
2042	1
2043	1
2044	1
2045	1
2049	1
2050	2
2059	1
2065	1
2067	1
2068	1
2071	1
2072	1
2077	1
2078	1
2079	1
2091	1
2092	1
2096	1
2098	1
2100	1
2105	1
2107	1
2111	1
2112	1
2115	1
2120	1
2126	1
2128	1
2132	1
2137	1
2138	2
2140	1
2144	1
2154	1
2156	3
2159	1
2160	1
2166	2
2168	1
2172	1
2174	1
2175	1
2176	1
2178	2
2181	1
2182	1
2183	1
2184	2
2185	1
2187	1
2188	2
2198	1
2201	1
2207	1
2211	1
2213	1
2215	1
2217	1
2219	1
2220	1
2222	1
2223	1
2232	2
2233	1
2240	1
2241	1
2247	1
2252	1
2253	1
2256	1
2257	1
2259	1
2260	2
2262	3
2269	1
2271	1
2276	1
2277	1
2278	1
2279	1
2281	2
2292	2
2293	1
2294	1
2295	2
2298	1
2299	1
2301	2
2304	1
2307	1
2309	2
2311	1
2313	1
2319	1
2320	1
2322	1
2324	1
2325	1
2336	2
2338	2
2339	1
2340	1
2343	1
2348	1
2349	1
2354	1
2356	2
2357	1
2362	2
2363	2
2365	2
2367	1
2370	1
2373	1
2380	1
2381	1
2382	2
2383	1
2386	1
2389	1
2396	1
2397	1
2398	1
2402	2
2403	1
2407	2
2410	1
2411	1
2413	1
2415	2
2416	1
2419	1
2422	1
2428	1
2429	1
2430	1
2432	1
2436	1
2439	1
2440	2
2441	1
2442	1
2444	2
2445	1
2446	1
2449	2
2451	2
2453	2
2454	1
2458	1
2460	2
2461	1
2464	1
2468	1
2470	1
2472	1
2477	1
2478	2
2481	1
2486	1
2489	1
2490	1
2491	1
2492	1
2497	1
2500	1
2501	2
2504	1
2506	1
2507	2
2511	1
2513	1
2514	2
2515	1
2523	2
2524	2
2527	1
2530	1
2533	1
2535	1
2539	1
2542	1
2547	2
2548	1
2549	1
2553	1
2556	1
2557	2
2558	1
2559	1
2560	2
2561	1
2562	1
2563	1
2564	1
2565	1
2566	1
2567	2
2569	1
2570	2
2572	3
2575	1
2577	2
2578	1
2581	1
2582	1
2583	2
2584	1
2586	1
2588	1
2589	2
2590	1
2592	1
2595	1
2598	3
2599	2
2603	2
2606	1
2608	1
2611	1
2612	1
2614	2
2616	1
2619	2
2622	1
2623	1
2624	1
2627	1
2629	3
2631	1
2632	1
2633	1
2634	1
2635	1
2638	2
2640	1
2641	1
2644	1
2645	1
2646	1
2649	1
2650	1
2652	2
2657	1
2658	1
2661	2
2663	1
2664	2
2666	1
2667	1
2668	1
2669	1
2671	1
2674	2
2675	1
2676	1
2677	2
2678	1
2679	1
2680	1
2681	2
2682	2
2684	1
2685	3
2687	1
2688	1
2691	4
2693	2
2694	1
2698	1
2702	1
2703	1
2704	1
2707	2
2708	1
2709	2
2711	1
2712	1
2713	1
2714	1
2716	1
2717	1
2721	2
2722	1
2723	1
2725	2
2726	1
2727	1
2730	2
2731	2
2734	1
2735	1
2739	1
2741	1
2742	1
2743	1
2744	2
2746	1
2747	2
2748	1
2749	3
2750	3
2752	1
2755	1
2761	1
2762	3
2764	2
2767	1
2769	1
2771	1
2775	1
2777	1
2778	1
2781	2
2782	1
2783	1
2785	1
2788	1
2792	1
2793	1
2799	2
2802	1
2806	2
2808	2
2810	3
2812	2
2813	1
2814	1
2816	3
2817	1
2819	2
2822	1
2823	1
2825	1
2826	3
2828	2
2829	1
2830	2
2832	1
2834	2
2836	3
2837	1
2840	5
2841	1
2842	2
2844	1
2846	3
2848	2
2849	2
2851	1
2854	2
2856	1
2857	1
2858	2
2862	1
2863	1
2864	1
2865	2
2866	1
2867	1
2868	1
2869	1
2871	2
2872	1
2873	1
2874	1
2875	1
2879	1
2880	1
2883	2
2885	1
2887	2
2888	2
2890	1
2891	1
2892	1
2893	1
2894	1
2895	1
2903	1
2905	1
2912	1
2915	1
2917	1
2918	2
2921	1
2923	1
2925	1
2926	1
2930	1
2940	1
2946	1
2948	1
2953	1
2960	1
2978	1
2985	1
3088	1
